TN:
SF:src/DestinationManager.sol
FN:20,DestinationVaultManager._ccipReceive
FNDA:0,DestinationVaultManager._ccipReceive
DA:23,0
DA:24,0
BRDA:24,0,0,-
BRDA:24,0,1,-
DA:25,0
DA:28,0
FNF:1
FNH:0
LF:4
LH:0
BRF:2
BRH:0
end_of_record
TN:
SF:src/MakerDAOYieldStrategy.sol
FN:19,MakerDAOYieldStrategy.deposit
FNDA:10,MakerDAOYieldStrategy.deposit
DA:20,10
BRDA:20,0,0,-
BRDA:20,0,1,10
DA:21,0
DA:24,10
DA:25,10
DA:27,10
DA:28,10
FN:31,MakerDAOYieldStrategy.withdraw
FNDA:5,MakerDAOYieldStrategy.withdraw
DA:32,5
BRDA:32,1,0,-
BRDA:32,1,1,5
DA:33,0
DA:36,5
DA:37,5
FN:40,MakerDAOYieldStrategy.withdrawAll
FNDA:1,MakerDAOYieldStrategy.withdrawAll
DA:41,1
BRDA:41,2,0,-
BRDA:41,2,1,1
DA:42,0
DA:45,1
DA:46,1
FN:49,MakerDAOYieldStrategy.totalAssets
FNDA:9,MakerDAOYieldStrategy.totalAssets
DA:50,9
BRDA:50,3,0,-
BRDA:50,3,1,9
DA:51,0
DA:54,9
DA:55,9
DA:56,9
DA:57,9
FNF:4
FNH:4
LF:20
LH:16
BRF:8
BRH:4
end_of_record
TN:
SF:src/SourceVaultManager.sol
FN:33,SourceVaultManager.setApprovedDestinationVaultManager
FNDA:0,SourceVaultManager.setApprovedDestinationVaultManager
DA:34,0
FN:39,SourceVaultManager.sendShares
FNDA:770,SourceVaultManager.sendShares
DA:46,514
BRDA:46,0,0,-
BRDA:46,0,1,514
DA:48,514
DA:56,514
DA:58,514
BRDA:58,1,0,1
BRDA:58,1,1,513
DA:59,1
DA:62,513
DA:63,513
DA:66,513
BRDA:66,2,0,-
BRDA:66,2,1,512
DA:67,512
DA:70,513
FN:73,SourceVaultManager.estimateFeeForSendShares
FNDA:1,SourceVaultManager.estimateFeeForSendShares
DA:79,1
DA:87,1
DA:89,1
DA:90,1
FNF:3
FNH:2
LF:15
LH:14
BRF:6
BRH:4
end_of_record
TN:
SF:src/Vault.sol
FN:52,Vault.totalAssets
FNDA:4,Vault.totalAssets
DA:53,11
FN:60,Vault.beforeWithdraw
FNDA:5,Vault.beforeWithdraw
DA:61,5
FN:64,Vault.afterDeposit
FNDA:11,Vault.afterDeposit
DA:65,11
FN:77,Vault.setNewStrategy
FNDA:8,Vault.setNewStrategy
DA:78,7
DA:80,7
DA:82,7
FN:85,Vault._withdrawFromStrategy
FNDA:12,Vault._withdrawFromStrategy
DA:86,12
DA:87,12
DA:88,12
DA:90,12
DA:91,12
BRDA:91,0,0,1
BRDA:91,0,1,11
DA:92,1
DA:95,11
FN:98,Vault._depositToStrategy
FNDA:18,Vault._depositToStrategy
DA:99,18
DA:100,18
DA:101,18
DA:103,18
DA:104,18
BRDA:104,1,0,1
BRDA:104,1,1,17
DA:105,1
DA:108,17
FN:111,Vault._getTotalAssetsInStrategy
FNDA:21,Vault._getTotalAssetsInStrategy
DA:112,21
DA:113,21
DA:114,21
DA:116,21
DA:117,21
BRDA:117,2,0,1
BRDA:117,2,1,20
DA:118,1
DA:121,20
FN:136,Vault.setDestinationVaultManager
FNDA:0,Vault.setDestinationVaultManager
DA:137,0
FN:140,Vault.setSourceVaultManager
FNDA:0,Vault.setSourceVaultManager
DA:141,0
FN:144,Vault.crossChainMint
FNDA:0,Vault.crossChainMint
DA:145,0
FN:150,Vault.sendSharesCrossChain
FNDA:0,Vault.sendSharesCrossChain
DA:156,0
DA:159,0
FN:162,Vault.getFeeEsimateSendSharesCrossChain
FNDA:0,Vault.getFeeEsimateSendSharesCrossChain
DA:168,0
FN:174,Vault.gatherDust
FNDA:1,Vault.gatherDust
DA:175,1
FNF:13
FNH:8
LF:34
LH:28
BRF:6
BRH:6
end_of_record
