TN:
SF:src/DestinationVaultManager.sol
FN:25,DestinationVaultManager.setApprovedSourceVaultManager
FNDA:3,DestinationVaultManager.setApprovedSourceVaultManager
DA:26,3
FN:29,DestinationVaultManager._ccipReceive
FNDA:4,DestinationVaultManager._ccipReceive
DA:30,4
DA:31,2
BRDA:31,0,0,-
BRDA:31,0,1,2
DA:33,2
DA:34,2
BRDA:34,1,0,1
BRDA:34,1,1,1
DA:35,1
DA:38,1
FNF:2
FNH:2
LF:7
LH:7
BRF:4
BRH:3
end_of_record
TN:
SF:src/MakerDAOYieldStrategy.sol
FN:27,MakerDAOYieldStrategy.deposit
FNDA:10,MakerDAOYieldStrategy.deposit
DA:28,10
DA:30,10
BRDA:30,0,0,-
BRDA:30,0,1,4
DA:31,4
DA:32,4
DA:33,4
DA:35,4
BRDA:35,1,0,-
BRDA:35,1,1,4
DA:36,4
DA:37,4
DA:38,4
DA:39,4
DA:42,10
DA:44,10
DA:45,10
DA:46,10
FN:49,MakerDAOYieldStrategy.withdraw
FNDA:5,MakerDAOYieldStrategy.withdraw
DA:51,5
DA:53,5
DA:54,5
BRDA:54,2,0,1
BRDA:54,2,1,5
DA:55,1
DA:56,1
DA:57,1
DA:60,5
DA:61,5
DA:62,5
BRDA:62,3,0,1
BRDA:62,3,1,5
DA:63,1
DA:65,5
DA:68,5
BRDA:68,4,0,-
BRDA:68,4,1,1
DA:69,1
BRDA:69,5,0,-
BRDA:69,5,1,1
DA:70,1
DA:71,1
DA:72,1
DA:74,1
FN:78,MakerDAOYieldStrategy.withdrawAll
FNDA:1,MakerDAOYieldStrategy.withdrawAll
DA:79,1
DA:80,1
DA:82,1
DA:84,1
BRDA:84,6,0,-
BRDA:84,6,1,1
DA:85,1
BRDA:85,7,0,-
BRDA:85,7,1,1
DA:86,1
DA:87,1
DA:88,1
DA:89,1
FN:93,MakerDAOYieldStrategy.totalAssets
FNDA:9,MakerDAOYieldStrategy.totalAssets
DA:94,9
DA:95,9
DA:96,9
DA:98,9
BRDA:98,8,0,1
BRDA:98,8,1,8
DA:99,1
DA:100,1
DA:101,1
DA:103,1
DA:106,8
FN:113,MakerDAOYieldStrategy.getEthPrice
FNDA:0,MakerDAOYieldStrategy.getEthPrice
DA:114,12
DA:120,12
DA:121,12
FNF:5
FNH:4
LF:52
LH:52
BRF:18
BRH:12
end_of_record
TN:
SF:src/SourceVaultManager.sol
FN:33,SourceVaultManager.setApprovedDestinationVaultManager
FNDA:1,SourceVaultManager.setApprovedDestinationVaultManager
DA:34,1
FN:39,SourceVaultManager.sendShares
FNDA:770,SourceVaultManager.sendShares
DA:46,514
BRDA:46,0,0,-
BRDA:46,0,1,514
DA:48,514
DA:56,514
DA:58,514
BRDA:58,1,0,1
BRDA:58,1,1,513
DA:59,1
DA:62,513
DA:63,513
DA:66,513
BRDA:66,2,0,-
BRDA:66,2,1,512
DA:67,512
DA:70,513
FN:73,SourceVaultManager.estimateFeeForSendShares
FNDA:1,SourceVaultManager.estimateFeeForSendShares
DA:79,1
DA:87,1
DA:89,1
DA:90,1
FNF:3
FNH:3
LF:15
LH:15
BRF:6
BRH:4
end_of_record
TN:
SF:src/Vault.sol
FN:52,Vault.totalAssets
FNDA:4,Vault.totalAssets
DA:53,11
FN:60,Vault.beforeWithdraw
FNDA:5,Vault.beforeWithdraw
DA:61,5
FN:64,Vault.afterDeposit
FNDA:11,Vault.afterDeposit
DA:65,11
FN:77,Vault.setNewStrategy
FNDA:8,Vault.setNewStrategy
DA:78,7
DA:80,7
DA:82,7
FN:85,Vault._withdrawFromStrategy
FNDA:12,Vault._withdrawFromStrategy
DA:86,12
DA:87,12
DA:88,12
DA:90,12
DA:91,12
BRDA:91,0,0,1
BRDA:91,0,1,11
DA:92,1
DA:95,11
FN:98,Vault._depositToStrategy
FNDA:18,Vault._depositToStrategy
DA:99,18
DA:100,18
DA:101,18
DA:103,18
DA:104,18
BRDA:104,1,0,1
BRDA:104,1,1,17
DA:105,1
DA:108,17
FN:111,Vault._getTotalAssetsInStrategy
FNDA:21,Vault._getTotalAssetsInStrategy
DA:112,21
DA:113,21
DA:114,21
DA:116,21
DA:117,21
BRDA:117,2,0,1
BRDA:117,2,1,20
DA:118,1
DA:121,20
FN:136,Vault.setDestinationVaultManager
FNDA:0,Vault.setDestinationVaultManager
DA:137,0
FN:140,Vault.setSourceVaultManager
FNDA:0,Vault.setSourceVaultManager
DA:141,0
FN:144,Vault.crossChainMint
FNDA:1,Vault.crossChainMint
DA:145,1
FN:150,Vault.sendSharesCrossChain
FNDA:0,Vault.sendSharesCrossChain
DA:156,0
DA:159,0
FN:162,Vault.getFeeEsimateSendSharesCrossChain
FNDA:0,Vault.getFeeEsimateSendSharesCrossChain
DA:168,0
FN:174,Vault.gatherDust
FNDA:1,Vault.gatherDust
DA:175,1
FNF:13
FNH:9
LF:34
LH:29
BRF:6
BRH:6
end_of_record
